0    [JavaFX Application Thread] INFO  Persistencia.Autenticador  - [instanciarUsuarios] Sat Jul 27 19:08:00 BRT 2013 : Iniciou a funcao e instanciou variavel local e listaArquivosUsuarios
2    [JavaFX Application Thread] INFO  Persistencia.Autenticador  - [instanciarUsuarios] Sat Jul 27 19:08:00 BRT 2013 : Retornou lista de arquivos com o filtro
99   [JavaFX Application Thread] INFO  Persistencia.ParserXML  - [_constructor] Sat Jul 27 19:08:00 BRT 2013 :  Instanciado digester. Variavel arquivo -> src\xml\Usuarios\1.xml
162  [JavaFX Application Thread] INFO  Persistencia.ParserXML  - [_constructor] Sat Jul 27 19:08:00 BRT 2013 :  Instanciado digester. Variavel arquivo -> src\xml\Usuarios\2.xml
186  [JavaFX Application Thread] INFO  Persistencia.ParserXML  - [_constructor] Sat Jul 27 19:08:00 BRT 2013 :  Instanciado digester. Variavel arquivo -> src\xml\Usuarios\n.xml
209  [JavaFX Application Thread] INFO  Persistencia.ParserXML  - [_constructor] Sat Jul 27 19:08:00 BRT 2013 :  Instanciado digester. Variavel arquivo -> src\xml\Usuarios\Rayan.xml
229  [JavaFX Application Thread] INFO  Persistencia.ParserXML  - [_constructor] Sat Jul 27 19:08:00 BRT 2013 :  Instanciado digester. Variavel arquivo -> src\xml\Usuarios\ryu.xml
254  [JavaFX Application Thread] INFO  Persistencia.ParserXML  - [_constructor] Sat Jul 27 19:08:00 BRT 2013 :  Instanciado digester. Variavel arquivo -> src\xml\Usuarios\teste.xml
537  [JavaFX Application Thread] INFO  Persistencia.ParserXML  - [start] Sat Jul 27 19:08:00 BRT 2013 : Carregando recurso de cenajavafx.stage.Stage@6a05c424
931  [JavaFX Application Thread] INFO  Persistencia.ParserXML  - [start] Sat Jul 27 19:08:01 BRT 2013 : Apresentando recurso, e chamando stage : javafx.stage.Stage@6a05c424
0    [JavaFX Application Thread] INFO  Persistencia.Autenticador  - [instanciarUsuarios] Tue Jul 30 10:53:09 BRT 2013 : Iniciou a funcao e instanciou variavel local e listaArquivosUsuarios
20   [JavaFX Application Thread] INFO  Persistencia.Autenticador  - [instanciarUsuarios] Tue Jul 30 10:53:09 BRT 2013 : Retornou lista de arquivos com o filtro
162  [JavaFX Application Thread] INFO  Persistencia.ParserXML  - [_constructor] Tue Jul 30 10:53:09 BRT 2013 :  Instanciado digester. Variavel arquivo -> src\xml\Usuarios\1.xml
266  [JavaFX Application Thread] INFO  Persistencia.ParserXML  - [_constructor] Tue Jul 30 10:53:10 BRT 2013 :  Instanciado digester. Variavel arquivo -> src\xml\Usuarios\2.xml
285  [JavaFX Application Thread] INFO  Persistencia.ParserXML  - [_constructor] Tue Jul 30 10:53:10 BRT 2013 :  Instanciado digester. Variavel arquivo -> src\xml\Usuarios\n.xml
302  [JavaFX Application Thread] INFO  Persistencia.ParserXML  - [_constructor] Tue Jul 30 10:53:10 BRT 2013 :  Instanciado digester. Variavel arquivo -> src\xml\Usuarios\Rayan.xml
318  [JavaFX Application Thread] INFO  Persistencia.ParserXML  - [_constructor] Tue Jul 30 10:53:10 BRT 2013 :  Instanciado digester. Variavel arquivo -> src\xml\Usuarios\ryu.xml
343  [JavaFX Application Thread] INFO  Persistencia.ParserXML  - [_constructor] Tue Jul 30 10:53:10 BRT 2013 :  Instanciado digester. Variavel arquivo -> src\xml\Usuarios\teste.xml
838  [JavaFX Application Thread] INFO  Persistencia.ParserXML  - [start] Tue Jul 30 10:53:10 BRT 2013 : Carregando recurso de cenajavafx.stage.Stage@5b84a312
1728 [JavaFX Application Thread] INFO  Persistencia.ParserXML  - [start] Tue Jul 30 10:53:11 BRT 2013 : Apresentando recurso, e chamando stage : javafx.stage.Stage@5b84a312
18187 [JavaFX Application Thread] INFO  Persistencia.ParserXML  - [entrarAcao] Tue Jul 30 10:53:27 BRT 2013 : Criado novo usuario temporario para verificação de login
21732 [JavaFX Application Thread] INFO  Persistencia.ParserXML  - [entrarAcao] Tue Jul 30 10:53:31 BRT 2013 : Criado novo usuario temporario para verificação de login
39138 [JavaFX Application Thread] INFO  Controle.GerenciarListaController  - [cadastrarAcao] Tue Jul 30 10:53:48 BRT 2013 : Gerado uma nova lista a ser cadastrada
39149 [JavaFX Application Thread] INFO  Persistencia.Autenticador  - [[GravadorXML]] Tue Jul 30 10:53:48 BRT 2013 : Iniciado chamada de classe
173342 [JavaFX Application Thread] INFO  Controle.GerenciarItemController  - [initialize] Tue Jul 30 10:56:03 BRT 2013 : Iniciado form no modo 'inserção', e carregado dados do usuário. url -> jar:file:/D:/GIT/To-Do-List/dist/run575607772/To-Do-List.jar!/Visao/GerenciarItem.fxml
0    [JavaFX Application Thread] INFO  Persistencia.Autenticador  - [instanciarUsuarios] Tue Jul 30 10:56:47 BRT 2013 : Iniciou a funcao e instanciou variavel local e listaArquivosUsuarios
2    [JavaFX Application Thread] INFO  Persistencia.Autenticador  - [instanciarUsuarios] Tue Jul 30 10:56:47 BRT 2013 : Retornou lista de arquivos com o filtro
93   [JavaFX Application Thread] INFO  Persistencia.ParserXML  - [_constructor] Tue Jul 30 10:56:48 BRT 2013 :  Instanciado digester. Variavel arquivo -> src\xml\Usuarios\1.xml
155  [JavaFX Application Thread] INFO  Persistencia.ParserXML  - [_constructor] Tue Jul 30 10:56:48 BRT 2013 :  Instanciado digester. Variavel arquivo -> src\xml\Usuarios\2.xml
171  [JavaFX Application Thread] INFO  Persistencia.ParserXML  - [_constructor] Tue Jul 30 10:56:48 BRT 2013 :  Instanciado digester. Variavel arquivo -> src\xml\Usuarios\n.xml
191  [JavaFX Application Thread] INFO  Persistencia.ParserXML  - [_constructor] Tue Jul 30 10:56:48 BRT 2013 :  Instanciado digester. Variavel arquivo -> src\xml\Usuarios\Rayan.xml
214  [JavaFX Application Thread] INFO  Persistencia.ParserXML  - [_constructor] Tue Jul 30 10:56:48 BRT 2013 :  Instanciado digester. Variavel arquivo -> src\xml\Usuarios\ryu.xml
253  [JavaFX Application Thread] INFO  Persistencia.ParserXML  - [_constructor] Tue Jul 30 10:56:48 BRT 2013 :  Instanciado digester. Variavel arquivo -> src\xml\Usuarios\teste.xml
517  [JavaFX Application Thread] INFO  Persistencia.ParserXML  - [start] Tue Jul 30 10:56:48 BRT 2013 : Carregando recurso de cenajavafx.stage.Stage@60ee21ae
888  [JavaFX Application Thread] INFO  Persistencia.ParserXML  - [start] Tue Jul 30 10:56:48 BRT 2013 : Apresentando recurso, e chamando stage : javafx.stage.Stage@60ee21ae
5842 [JavaFX Application Thread] INFO  Persistencia.ParserXML  - [entrarAcao] Tue Jul 30 10:56:53 BRT 2013 : Criado novo usuario temporario para verificação de login
15760 [JavaFX Application Thread] INFO  Controle.PrincipalController  - [instanciarUsuarios] Tue Jul 30 10:57:03 BRT 2013 : Iniciou a funcao e instanciou variavel local e listaArquivosUsuarios
15762 [JavaFX Application Thread] INFO  Controle.PrincipalController  - [instanciarUsuarios] Tue Jul 30 10:57:03 BRT 2013 : Retornou lista de arquivos com o filtro
15780 [JavaFX Application Thread] INFO  Controle.PrincipalController  - [_constructor] Tue Jul 30 10:57:03 BRT 2013 :  Instanciado digester. Variavel arquivo -> src\xml\Usuarios\1.xml
15797 [JavaFX Application Thread] INFO  Controle.PrincipalController  - [_constructor] Tue Jul 30 10:57:03 BRT 2013 :  Instanciado digester. Variavel arquivo -> src\xml\Usuarios\2.xml
15809 [JavaFX Application Thread] INFO  Controle.PrincipalController  - [_constructor] Tue Jul 30 10:57:03 BRT 2013 :  Instanciado digester. Variavel arquivo -> src\xml\Usuarios\n.xml
15820 [JavaFX Application Thread] INFO  Controle.PrincipalController  - [_constructor] Tue Jul 30 10:57:03 BRT 2013 :  Instanciado digester. Variavel arquivo -> src\xml\Usuarios\Rayan.xml
15834 [JavaFX Application Thread] INFO  Controle.PrincipalController  - [_constructor] Tue Jul 30 10:57:03 BRT 2013 :  Instanciado digester. Variavel arquivo -> src\xml\Usuarios\ryu.xml
15845 [JavaFX Application Thread] INFO  Controle.PrincipalController  - [_constructor] Tue Jul 30 10:57:03 BRT 2013 :  Instanciado digester. Variavel arquivo -> src\xml\Usuarios\teste.xml
16766 [JavaFX Application Thread] INFO  Controle.PrincipalController  - [entrarAcao] Tue Jul 30 10:57:04 BRT 2013 : Criado novo usuario temporario para verificação de login
0    [JavaFX Application Thread] INFO  Persistencia.Autenticador  - [instanciarUsuarios] Tue Jul 30 10:57:22 BRT 2013 : Iniciou a funcao e instanciou variavel local e listaArquivosUsuarios
2    [JavaFX Application Thread] INFO  Persistencia.Autenticador  - [instanciarUsuarios] Tue Jul 30 10:57:22 BRT 2013 : Retornou lista de arquivos com o filtro
99   [JavaFX Application Thread] INFO  Persistencia.ParserXML  - [_constructor] Tue Jul 30 10:57:22 BRT 2013 :  Instanciado digester. Variavel arquivo -> src\xml\Usuarios\1.xml
162  [JavaFX Application Thread] INFO  Persistencia.ParserXML  - [_constructor] Tue Jul 30 10:57:22 BRT 2013 :  Instanciado digester. Variavel arquivo -> src\xml\Usuarios\n.xml
189  [JavaFX Application Thread] INFO  Persistencia.ParserXML  - [_constructor] Tue Jul 30 10:57:23 BRT 2013 :  Instanciado digester. Variavel arquivo -> src\xml\Usuarios\Rayan.xml
218  [JavaFX Application Thread] INFO  Persistencia.ParserXML  - [_constructor] Tue Jul 30 10:57:23 BRT 2013 :  Instanciado digester. Variavel arquivo -> src\xml\Usuarios\ryu.xml
249  [JavaFX Application Thread] INFO  Persistencia.ParserXML  - [_constructor] Tue Jul 30 10:57:23 BRT 2013 :  Instanciado digester. Variavel arquivo -> src\xml\Usuarios\teste.xml
561  [JavaFX Application Thread] INFO  Persistencia.ParserXML  - [start] Tue Jul 30 10:57:23 BRT 2013 : Carregando recurso de cenajavafx.stage.Stage@7dbddfd9
933  [JavaFX Application Thread] INFO  Persistencia.ParserXML  - [start] Tue Jul 30 10:57:23 BRT 2013 : Apresentando recurso, e chamando stage : javafx.stage.Stage@7dbddfd9
1854 [JavaFX Application Thread] INFO  Persistencia.ParserXML  - [entrarAcao] Tue Jul 30 10:57:24 BRT 2013 : Criado novo usuario temporario para verificação de login
0    [JavaFX Application Thread] INFO  Persistencia.Autenticador  - [instanciarUsuarios] Tue Jul 30 10:57:34 BRT 2013 : Iniciou a funcao e instanciou variavel local e listaArquivosUsuarios
2    [JavaFX Application Thread] INFO  Persistencia.Autenticador  - [instanciarUsuarios] Tue Jul 30 10:57:34 BRT 2013 : Retornou lista de arquivos com o filtro
105  [JavaFX Application Thread] INFO  Persistencia.ParserXML  - [_constructor] Tue Jul 30 10:57:34 BRT 2013 :  Instanciado digester. Variavel arquivo -> src\xml\Usuarios\1.xml
174  [JavaFX Application Thread] INFO  Persistencia.ParserXML  - [_constructor] Tue Jul 30 10:57:34 BRT 2013 :  Instanciado digester. Variavel arquivo -> src\xml\Usuarios\2.xml
199  [JavaFX Application Thread] INFO  Persistencia.ParserXML  - [_constructor] Tue Jul 30 10:57:34 BRT 2013 :  Instanciado digester. Variavel arquivo -> src\xml\Usuarios\n.xml
222  [JavaFX Application Thread] INFO  Persistencia.ParserXML  - [_constructor] Tue Jul 30 10:57:34 BRT 2013 :  Instanciado digester. Variavel arquivo -> src\xml\Usuarios\ryu.xml
234  [JavaFX Application Thread] INFO  Persistencia.ParserXML  - [_constructor] Tue Jul 30 10:57:34 BRT 2013 :  Instanciado digester. Variavel arquivo -> src\xml\Usuarios\teste.xml
523  [JavaFX Application Thread] INFO  Persistencia.ParserXML  - [start] Tue Jul 30 10:57:35 BRT 2013 : Carregando recurso de cenajavafx.stage.Stage@2467149d
894  [JavaFX Application Thread] INFO  Persistencia.ParserXML  - [start] Tue Jul 30 10:57:35 BRT 2013 : Apresentando recurso, e chamando stage : javafx.stage.Stage@2467149d
1853 [JavaFX Application Thread] INFO  Persistencia.ParserXML  - [entrarAcao] Tue Jul 30 10:57:36 BRT 2013 : Criado novo usuario temporario para verificação de login
13727 [JavaFX Application Thread] INFO  Controle.PrincipalController  - [instanciarUsuarios] Tue Jul 30 10:57:48 BRT 2013 : Iniciou a funcao e instanciou variavel local e listaArquivosUsuarios
13728 [JavaFX Application Thread] INFO  Controle.PrincipalController  - [instanciarUsuarios] Tue Jul 30 10:57:48 BRT 2013 : Retornou lista de arquivos com o filtro
13737 [JavaFX Application Thread] INFO  Controle.PrincipalController  - [_constructor] Tue Jul 30 10:57:48 BRT 2013 :  Instanciado digester. Variavel arquivo -> src\xml\Usuarios\1.xml
13747 [JavaFX Application Thread] INFO  Controle.PrincipalController  - [_constructor] Tue Jul 30 10:57:48 BRT 2013 :  Instanciado digester. Variavel arquivo -> src\xml\Usuarios\2.xml
13767 [JavaFX Application Thread] INFO  Controle.PrincipalController  - [_constructor] Tue Jul 30 10:57:48 BRT 2013 :  Instanciado digester. Variavel arquivo -> src\xml\Usuarios\n.xml
13778 [JavaFX Application Thread] INFO  Controle.PrincipalController  - [_constructor] Tue Jul 30 10:57:48 BRT 2013 :  Instanciado digester. Variavel arquivo -> src\xml\Usuarios\ryu.xml
13804 [JavaFX Application Thread] INFO  Controle.PrincipalController  - [_constructor] Tue Jul 30 10:57:48 BRT 2013 :  Instanciado digester. Variavel arquivo -> src\xml\Usuarios\teste.xml
15354 [JavaFX Application Thread] INFO  Controle.PrincipalController  - [entrarAcao] Tue Jul 30 10:57:50 BRT 2013 : Criado novo usuario temporario para verificação de login
17403 [JavaFX Application Thread] INFO  Controle.PrincipalController  - [entrarAcao] Tue Jul 30 10:57:52 BRT 2013 : Criado novo usuario temporario para verificação de login
18681 [JavaFX Application Thread] INFO  Controle.AlterarDadosController  - [initialize] Tue Jul 30 10:57:53 BRT 2013 : Iniciado form, e carregado dados do usuário. url -> jar:file:/D:/GIT/To-Do-List/dist/run1627654076/To-Do-List.jar!/Visao/AlterarDados.fxml
21348 [JavaFX Application Thread] INFO  Controle.AlterarDadosController  - [cadastrarAcao] Tue Jul 30 10:57:55 BRT 2013 : Alterado dados do usuário
21353 [JavaFX Application Thread] INFO  Persistencia.Autenticador  - [[GravadorXML]] Tue Jul 30 10:57:56 BRT 2013 : Iniciado chamada de classe
26269 [JavaFX Application Thread] INFO  Controle.PrincipalController  - [[GravadorXML]] Tue Jul 30 10:58:00 BRT 2013 : Iniciado chamada de classe
34629 [JavaFX Application Thread] INFO  Controle.PrincipalController  - [[GravadorXML]] Tue Jul 30 10:58:09 BRT 2013 : Iniciado chamada de classe
39531 [JavaFX Application Thread] INFO  Controle.GerenciarItemController  - [initialize] Tue Jul 30 10:58:14 BRT 2013 : Iniciado form no modo 'edição', e carregado dados do usuário. url -> jar:file:/D:/GIT/To-Do-List/dist/run1627654076/To-Do-List.jar!/Visao/GerenciarItem.fxml
43040 [JavaFX Application Thread] INFO  Controle.PrincipalController  - [initialize] Tue Jul 30 10:58:17 BRT 2013 : Iniciado form no modo 'inserção', e carregado dados do usuário. url -> jar:file:/D:/GIT/To-Do-List/dist/run1627654076/To-Do-List.jar!/Visao/GerenciarItem.fxml
0    [JavaFX Application Thread] INFO  Persistencia.Autenticador  - [instanciarUsuarios] Tue Jul 30 10:58:33 BRT 2013 : Iniciou a funcao e instanciou variavel local e listaArquivosUsuarios
2    [JavaFX Application Thread] INFO  Persistencia.Autenticador  - [instanciarUsuarios] Tue Jul 30 10:58:33 BRT 2013 : Retornou lista de arquivos com o filtro
92   [JavaFX Application Thread] INFO  Persistencia.ParserXML  - [_constructor] Tue Jul 30 10:58:33 BRT 2013 :  Instanciado digester. Variavel arquivo -> src\xml\Usuarios\1.xml
153  [JavaFX Application Thread] INFO  Persistencia.ParserXML  - [_constructor] Tue Jul 30 10:58:33 BRT 2013 :  Instanciado digester. Variavel arquivo -> src\xml\Usuarios\2.xml
170  [JavaFX Application Thread] INFO  Persistencia.ParserXML  - [_constructor] Tue Jul 30 10:58:33 BRT 2013 :  Instanciado digester. Variavel arquivo -> src\xml\Usuarios\n.xml
190  [JavaFX Application Thread] INFO  Persistencia.ParserXML  - [_constructor] Tue Jul 30 10:58:33 BRT 2013 :  Instanciado digester. Variavel arquivo -> src\xml\Usuarios\ryu.xml
211  [JavaFX Application Thread] INFO  Persistencia.ParserXML  - [_constructor] Tue Jul 30 10:58:33 BRT 2013 :  Instanciado digester. Variavel arquivo -> src\xml\Usuarios\teste.xml
519  [JavaFX Application Thread] INFO  Persistencia.ParserXML  - [start] Tue Jul 30 10:58:34 BRT 2013 : Carregando recurso de cenajavafx.stage.Stage@2467149d
901  [JavaFX Application Thread] INFO  Persistencia.ParserXML  - [start] Tue Jul 30 10:58:34 BRT 2013 : Apresentando recurso, e chamando stage : javafx.stage.Stage@2467149d
6289 [JavaFX Application Thread] INFO  Persistencia.ParserXML  - [entrarAcao] Tue Jul 30 10:58:40 BRT 2013 : Criado novo usuario temporario para verificação de login
13511 [JavaFX Application Thread] INFO  Controle.GerenciarItemController  - [initialize] Tue Jul 30 10:58:47 BRT 2013 : Iniciado form no modo 'edição', e carregado dados do usuário. url -> jar:file:/D:/GIT/To-Do-List/dist/run627679928/To-Do-List.jar!/Visao/GerenciarItem.fxml
0    [JavaFX Application Thread] INFO  Persistencia.Autenticador  - [instanciarUsuarios] Tue Jul 30 10:59:32 BRT 2013 : Iniciou a funcao e instanciou variavel local e listaArquivosUsuarios
3    [JavaFX Application Thread] INFO  Persistencia.Autenticador  - [instanciarUsuarios] Tue Jul 30 10:59:32 BRT 2013 : Retornou lista de arquivos com o filtro
114  [JavaFX Application Thread] INFO  Persistencia.ParserXML  - [_constructor] Tue Jul 30 10:59:32 BRT 2013 :  Instanciado digester. Variavel arquivo -> src\xml\Usuarios\1.xml
186  [JavaFX Application Thread] INFO  Persistencia.ParserXML  - [_constructor] Tue Jul 30 10:59:32 BRT 2013 :  Instanciado digester. Variavel arquivo -> src\xml\Usuarios\2.xml
213  [JavaFX Application Thread] INFO  Persistencia.ParserXML  - [_constructor] Tue Jul 30 10:59:32 BRT 2013 :  Instanciado digester. Variavel arquivo -> src\xml\Usuarios\n.xml
238  [JavaFX Application Thread] INFO  Persistencia.ParserXML  - [_constructor] Tue Jul 30 10:59:32 BRT 2013 :  Instanciado digester. Variavel arquivo -> src\xml\Usuarios\ryu.xml
254  [JavaFX Application Thread] INFO  Persistencia.ParserXML  - [_constructor] Tue Jul 30 10:59:32 BRT 2013 :  Instanciado digester. Variavel arquivo -> src\xml\Usuarios\teste.xml
570  [JavaFX Application Thread] INFO  Persistencia.ParserXML  - [start] Tue Jul 30 10:59:32 BRT 2013 : Carregando recurso de cenajavafx.stage.Stage@2467149d
936  [JavaFX Application Thread] INFO  Persistencia.ParserXML  - [start] Tue Jul 30 10:59:32 BRT 2013 : Apresentando recurso, e chamando stage : javafx.stage.Stage@2467149d
8961 [JavaFX Application Thread] INFO  Controle.CadastrarUsuarioController  - [cadastrarAcao] Tue Jul 30 10:59:40 BRT 2013 : Realizando o trabalho com xml de cadastro
8965 [JavaFX Application Thread] INFO  Persistencia.Autenticador  - [[GravadorXML]] Tue Jul 30 10:59:40 BRT 2013 : Iniciado chamada de classe
9067 [JavaFX Application Thread] INFO  Persistencia.Autenticador  - [instanciarUsuarios] Tue Jul 30 10:59:41 BRT 2013 : Iniciou a funcao e instanciou variavel local e listaArquivosUsuarios
9067 [JavaFX Application Thread] INFO  Persistencia.Autenticador  - [instanciarUsuarios] Tue Jul 30 10:59:41 BRT 2013 : Retornou lista de arquivos com o filtro
9080 [JavaFX Application Thread] INFO  Persistencia.Autenticador  - [_constructor] Tue Jul 30 10:59:41 BRT 2013 :  Instanciado digester. Variavel arquivo -> src\xml\Usuarios\1.xml
9092 [JavaFX Application Thread] INFO  Persistencia.Autenticador  - [_constructor] Tue Jul 30 10:59:41 BRT 2013 :  Instanciado digester. Variavel arquivo -> src\xml\Usuarios\2.xml
9113 [JavaFX Application Thread] INFO  Persistencia.Autenticador  - [_constructor] Tue Jul 30 10:59:41 BRT 2013 :  Instanciado digester. Variavel arquivo -> src\xml\Usuarios\n.xml
9134 [JavaFX Application Thread] INFO  Persistencia.Autenticador  - [_constructor] Tue Jul 30 10:59:41 BRT 2013 :  Instanciado digester. Variavel arquivo -> src\xml\Usuarios\pf.xml
9155 [JavaFX Application Thread] INFO  Persistencia.Autenticador  - [_constructor] Tue Jul 30 10:59:41 BRT 2013 :  Instanciado digester. Variavel arquivo -> src\xml\Usuarios\ryu.xml
9173 [JavaFX Application Thread] INFO  Persistencia.Autenticador  - [_constructor] Tue Jul 30 10:59:41 BRT 2013 :  Instanciado digester. Variavel arquivo -> src\xml\Usuarios\teste.xml
16777 [JavaFX Application Thread] INFO  Persistencia.Autenticador  - [entrarAcao] Tue Jul 30 10:59:48 BRT 2013 : Criado novo usuario temporario para verificação de login
19706 [JavaFX Application Thread] INFO  Controle.GerenciarListaController  - [cadastrarAcao] Tue Jul 30 10:59:51 BRT 2013 : Gerado uma nova lista a ser cadastrada
19706 [JavaFX Application Thread] INFO  Controle.GerenciarListaController  - [[GravadorXML]] Tue Jul 30 10:59:51 BRT 2013 : Iniciado chamada de classe
23831 [JavaFX Application Thread] INFO  Controle.GerenciarItemController  - [initialize] Tue Jul 30 10:59:55 BRT 2013 : Iniciado form no modo 'inserção', e carregado dados do usuário. url -> jar:file:/D:/GIT/To-Do-List/dist/run2040115266/To-Do-List.jar!/Visao/GerenciarItem.fxml
35194 [JavaFX Application Thread] INFO  Controle.GerenciarItemController  - [cadastrarAcao] Tue Jul 30 11:00:07 BRT 2013 : Cadastro de item realizado.
35195 [JavaFX Application Thread] INFO  Controle.GerenciarItemController  - [[GravadorXML]] Tue Jul 30 11:00:07 BRT 2013 : Iniciado chamada de classe
91458 [JavaFX Application Thread] INFO  Controle.PrincipalController  - [[GravadorXML]] Tue Jul 30 11:01:03 BRT 2013 : Iniciado chamada de classe
